2024-08-20T03:13:01.717746+00:00 INFO 'ansible_navigator.setup_logger' New ansible-navigator instance, logging initialized
2024-08-20T03:13:01.718150+00:00 INFO 'ansible_navigator.setup_logger' New ansible-runner instance, logging initialized
2024-08-20T03:13:01.718205+00:00 DEBUG 'ansible_navigator.main' ansible-builder==1.1.0 /usr/lib/python3.9/site-packages
2024-08-20T03:13:01.718233+00:00 DEBUG 'ansible_navigator.main' ansible-core==2.13.0 /usr/lib/python3.9/site-packages
2024-08-20T03:13:01.718256+00:00 DEBUG 'ansible_navigator.main' ansible-navigator==2.1.0 /usr/lib/python3.9/site-packages
2024-08-20T03:13:01.718286+00:00 DEBUG 'ansible_navigator.main' ansible-runner==2.2.0 /usr/lib/python3.9/site-packages
2024-08-20T03:13:01.718307+00:00 DEBUG 'ansible_navigator.main' attrs==21.4.0 /usr/lib/python3.9/site-packages
2024-08-20T03:13:01.718328+00:00 DEBUG 'ansible_navigator.main' babel==2.9.1 /usr/lib/python3.9/site-packages
2024-08-20T03:13:01.718349+00:00 DEBUG 'ansible_navigator.main' bindep==2.10.2 /usr/lib/python3.9/site-packages
2024-08-20T03:13:01.718370+00:00 DEBUG 'ansible_navigator.main' brlapi==0.8.2 /usr/lib64/python3.9/site-packages
2024-08-20T03:13:01.718390+00:00 DEBUG 'ansible_navigator.main' certifi==2020.6.20 /usr/lib/python3.9/site-packages
2024-08-20T03:13:01.718411+00:00 DEBUG 'ansible_navigator.main' cffi==1.15.0 /usr/lib64/python3.9/site-packages
2024-08-20T03:13:01.718432+00:00 DEBUG 'ansible_navigator.main' chardet==4.0.0 /usr/lib/python3.9/site-packages
2024-08-20T03:13:01.718452+00:00 DEBUG 'ansible_navigator.main' charset-normalizer==2.0.11 /usr/lib/python3.9/site-packages
2024-08-20T03:13:01.718472+00:00 DEBUG 'ansible_navigator.main' chrome-gnome-shell==0.0.0 /usr/lib/python3.9/site-packages
2024-08-20T03:13:01.718503+00:00 DEBUG 'ansible_navigator.main' cloud-init==21.1 /usr/lib/python3.9/site-packages
2024-08-20T03:13:01.718524+00:00 DEBUG 'ansible_navigator.main' configobj==5.0.6 /usr/lib/python3.9/site-packages
2024-08-20T03:13:01.718544+00:00 DEBUG 'ansible_navigator.main' cryptography==36.0.1 /usr/lib64/python3.9/site-packages
2024-08-20T03:13:01.718569+00:00 DEBUG 'ansible_navigator.main' cupshelpers==1.0 /usr/lib/python3.9/site-packages
2024-08-20T03:13:01.718589+00:00 DEBUG 'ansible_navigator.main' dasbus==1.4 /usr/lib/python3.9/site-packages
2024-08-20T03:13:01.718609+00:00 DEBUG 'ansible_navigator.main' dbus-python==1.2.18 /usr/lib64/python3.9/site-packages
2024-08-20T03:13:01.718630+00:00 DEBUG 'ansible_navigator.main' decorator==4.4.2 /usr/lib/python3.9/site-packages
2024-08-20T03:13:01.718650+00:00 DEBUG 'ansible_navigator.main' distlib==0.3.4 /usr/local/lib/python3.9/site-packages
2024-08-20T03:13:01.718670+00:00 DEBUG 'ansible_navigator.main' distro==1.6.0 /usr/lib/python3.9/site-packages
2024-08-20T03:13:01.718712+00:00 DEBUG 'ansible_navigator.main' docutils==0.16 /usr/lib/python3.9/site-packages
2024-08-20T03:13:01.718736+00:00 DEBUG 'ansible_navigator.main' ethtool==0.15 /usr/lib64/python3.9/site-packages
2024-08-20T03:13:01.718757+00:00 DEBUG 'ansible_navigator.main' file-magic==0.4.0 /usr/lib/python3.9/site-packages
2024-08-20T03:13:01.718778+00:00 DEBUG 'ansible_navigator.main' filelock==3.7.0 /usr/local/lib/python3.9/site-packages
2024-08-20T03:13:01.718798+00:00 DEBUG 'ansible_navigator.main' gpg==1.15.1 /usr/lib64/python3.9/site-packages
2024-08-20T03:13:01.718819+00:00 DEBUG 'ansible_navigator.main' idna==3.3 /usr/lib/python3.9/site-packages
2024-08-20T03:13:01.718839+00:00 DEBUG 'ansible_navigator.main' iniparse==0.4 /usr/lib/python3.9/site-packages
2024-08-20T03:13:01.718859+00:00 DEBUG 'ansible_navigator.main' jinja2==3.0.3 /usr/lib/python3.9/site-packages
2024-08-20T03:13:01.718880+00:00 DEBUG 'ansible_navigator.main' jsonpatch==1.21 /usr/lib/python3.9/site-packages
2024-08-20T03:13:01.718900+00:00 DEBUG 'ansible_navigator.main' jsonpointer==2.0 /usr/lib/python3.9/site-packages
2024-08-20T03:13:01.718920+00:00 DEBUG 'ansible_navigator.main' jsonschema==3.2.0 /usr/lib/python3.9/site-packages
2024-08-20T03:13:01.718940+00:00 DEBUG 'ansible_navigator.main' libcomps==0.1.18 /usr/lib64/python3.9/site-packages
2024-08-20T03:13:01.718972+00:00 DEBUG 'ansible_navigator.main' lockfile==0.12.2 /usr/lib/python3.9/site-packages
2024-08-20T03:13:01.718993+00:00 DEBUG 'ansible_navigator.main' lxml==4.6.5 /usr/lib64/python3.9/site-packages
2024-08-20T03:13:01.719014+00:00 DEBUG 'ansible_navigator.main' markupsafe==2.1.0 /usr/lib64/python3.9/site-packages
2024-08-20T03:13:01.719034+00:00 DEBUG 'ansible_navigator.main' netifaces==0.10.6 /usr/lib64/python3.9/site-packages
2024-08-20T03:13:01.719055+00:00 DEBUG 'ansible_navigator.main' nftables==0.1 /usr/lib/python3.9/site-packages
2024-08-20T03:13:01.719075+00:00 DEBUG 'ansible_navigator.main' oauthlib==3.1.1 /usr/lib/python3.9/site-packages
2024-08-20T03:13:01.719105+00:00 DEBUG 'ansible_navigator.main' onigurumacffi==1.1.0 /usr/lib64/python3.9/site-packages
2024-08-20T03:13:01.719126+00:00 DEBUG 'ansible_navigator.main' packaging==21.2 /usr/lib/python3.9/site-packages
2024-08-20T03:13:01.719146+00:00 DEBUG 'ansible_navigator.main' parsley==1.3 /usr/lib/python3.9/site-packages
2024-08-20T03:13:01.719166+00:00 DEBUG 'ansible_navigator.main' pbr==5.8.1 /usr/lib/python3.9/site-packages
2024-08-20T03:13:01.719187+00:00 DEBUG 'ansible_navigator.main' perf==0.1 /usr/lib64/python3.9/site-packages
2024-08-20T03:13:01.719206+00:00 DEBUG 'ansible_navigator.main' pexpect==4.8.0 /usr/lib/python3.9/site-packages
2024-08-20T03:13:01.719227+00:00 DEBUG 'ansible_navigator.main' pip==21.2.3 /usr/lib/python3.9/site-packages
2024-08-20T03:13:01.719248+00:00 DEBUG 'ansible_navigator.main' platformdirs==2.5.2 /usr/local/lib/python3.9/site-packages
2024-08-20T03:13:01.719268+00:00 DEBUG 'ansible_navigator.main' ply==3.11 /usr/lib/python3.9/site-packages
2024-08-20T03:13:01.719288+00:00 DEBUG 'ansible_navigator.main' prettytable==0.7.2 /usr/lib/python3.9/site-packages
2024-08-20T03:13:01.719308+00:00 DEBUG 'ansible_navigator.main' psutil==5.8.0 /usr/lib64/python3.9/site-packages
2024-08-20T03:13:01.719329+00:00 DEBUG 'ansible_navigator.main' ptyprocess==0.6.0 /usr/lib/python3.9/site-packages
2024-08-20T03:13:01.719349+00:00 DEBUG 'ansible_navigator.main' pycairo==1.20.0 /usr/lib64/python3.9/site-packages
2024-08-20T03:13:01.719369+00:00 DEBUG 'ansible_navigator.main' pycparser==2.21 /usr/lib/python3.9/site-packages
2024-08-20T03:13:01.719390+00:00 DEBUG 'ansible_navigator.main' pycups==2.0.1 /usr/lib64/python3.9/site-packages
2024-08-20T03:13:01.719410+00:00 DEBUG 'ansible_navigator.main' pycurl==7.43.0.6 /usr/lib64/python3.9/site-packages
2024-08-20T03:13:01.719430+00:00 DEBUG 'ansible_navigator.main' pyenchant==3.2.0 /usr/lib/python3.9/site-packages
2024-08-20T03:13:01.719451+00:00 DEBUG 'ansible_navigator.main' pygobject==3.40.1 /usr/lib64/python3.9/site-packages
2024-08-20T03:13:01.719471+00:00 DEBUG 'ansible_navigator.main' pyinotify==0.9.6 /usr/lib/python3.9/site-packages
2024-08-20T03:13:01.719492+00:00 DEBUG 'ansible_navigator.main' pyopenssl==19.1.0 /usr/lib/python3.9/site-packages
2024-08-20T03:13:01.719512+00:00 DEBUG 'ansible_navigator.main' pyparsing==2.4.7 /usr/lib/python3.9/site-packages
2024-08-20T03:13:01.719533+00:00 DEBUG 'ansible_navigator.main' pyrsistent==0.17.3 /usr/lib64/python3.9/site-packages
2024-08-20T03:13:01.719553+00:00 DEBUG 'ansible_navigator.main' pyserial==3.4 /usr/lib/python3.9/site-packages
2024-08-20T03:13:01.719574+00:00 DEBUG 'ansible_navigator.main' pysocks==1.7.1 /usr/lib/python3.9/site-packages
2024-08-20T03:13:01.719594+00:00 DEBUG 'ansible_navigator.main' python-daemon==2.3.0 /usr/lib/python3.9/site-packages
2024-08-20T03:13:01.719615+00:00 DEBUG 'ansible_navigator.main' python-dateutil==2.8.1 /usr/lib/python3.9/site-packages
2024-08-20T03:13:01.719635+00:00 DEBUG 'ansible_navigator.main' python-dmidecode==3.12.2 /usr/lib64/python3.9/site-packages
2024-08-20T03:13:01.719656+00:00 DEBUG 'ansible_navigator.main' python-linux-procfs==0.7.0 /usr/lib/python3.9/site-packages
2024-08-20T03:13:01.719676+00:00 DEBUG 'ansible_navigator.main' pytz==2021.3 /usr/lib/python3.9/site-packages
2024-08-20T03:13:01.719707+00:00 DEBUG 'ansible_navigator.main' pyudev==0.22.0 /usr/lib/python3.9/site-packages
2024-08-20T03:13:01.719736+00:00 DEBUG 'ansible_navigator.main' pyxdg==0.27 /usr/lib/python3.9/site-packages
2024-08-20T03:13:01.719758+00:00 DEBUG 'ansible_navigator.main' pyyaml==5.4.1 /usr/lib64/python3.9/site-packages
2024-08-20T03:13:01.719778+00:00 DEBUG 'ansible_navigator.main' requests==2.27.1 /usr/lib/python3.9/site-packages
2024-08-20T03:13:01.719799+00:00 DEBUG 'ansible_navigator.main' requirements-parser==0.2.0 /usr/lib/python3.9/site-packages
2024-08-20T03:13:01.719819+00:00 DEBUG 'ansible_navigator.main' resolvelib==0.5.4 /usr/lib/python3.9/site-packages
2024-08-20T03:13:01.719839+00:00 DEBUG 'ansible_navigator.main' rpm==4.16.1.3 /usr/lib64/python3.9/site-packages
2024-08-20T03:13:01.719859+00:00 DEBUG 'ansible_navigator.main' selinux==3.3 /usr/lib64/python3.9/site-packages
2024-08-20T03:13:01.719879+00:00 DEBUG 'ansible_navigator.main' sepolicy==3.3 /usr/lib/python3.9/site-packages
2024-08-20T03:13:01.719899+00:00 DEBUG 'ansible_navigator.main' setools==4.4.0 /usr/lib64/python3.9/site-packages
2024-08-20T03:13:01.719919+00:00 DEBUG 'ansible_navigator.main' setroubleshoot==1.1 /usr/lib/python3.9/site-packages
2024-08-20T03:13:01.719939+00:00 DEBUG 'ansible_navigator.main' setuptools==53.0.0 /usr/lib/python3.9/site-packages
2024-08-20T03:13:01.719959+00:00 DEBUG 'ansible_navigator.main' six==1.16.0 /usr/lib/python3.9/site-packages
2024-08-20T03:13:01.719980+00:00 DEBUG 'ansible_navigator.main' sos==4.2 /usr/lib/python3.9/site-packages
2024-08-20T03:13:01.720000+00:00 DEBUG 'ansible_navigator.main' subscription-manager==1.29.26 /usr/lib64/python3.9/site-packages
2024-08-20T03:13:01.720021+00:00 DEBUG 'ansible_navigator.main' systemd-python==234 /usr/lib64/python3.9/site-packages
2024-08-20T03:13:01.720041+00:00 DEBUG 'ansible_navigator.main' urllib3==1.26.8 /usr/lib/python3.9/site-packages
2024-08-20T03:13:01.720060+00:00 DEBUG 'ansible_navigator.main' virtualenv==20.14.1 /usr/local/lib/python3.9/site-packages
2024-08-20T03:13:01.720094+00:00 DEBUG 'ansible_navigator.main' Share directory '/usr/lib/python3.9/share/ansible_navigator' not found (development path)
2024-08-20T03:13:01.720116+00:00 DEBUG 'ansible_navigator.main' Share directory '/home/student/.local/share/ansible_navigator' not found (userbase)
2024-08-20T03:13:01.720137+00:00 DEBUG 'ansible_navigator.main' Share directory '/usr/share/ansible_navigator' found (sys.prefix)
2024-08-20T03:13:01.720158+00:00 DEBUG 'ansible_navigator.main' Default collection_doc_cache_path set to: /home/student/.cache/ansible-navigator/collection_doc_cache.db
2024-08-20T03:13:01.720179+00:00 DEBUG 'ansible_navigator.main' EDITOR environment variable not set
2024-08-20T03:13:01.720199+00:00 DEBUG 'ansible_navigator.main' Default editor_command set to: vi +{line_number} {filename}
2024-08-20T03:13:01.720220+00:00 DEBUG 'ansible_navigator.main' No config file set by ANSIBLE_NAVIGATOR_CONFIG
2024-08-20T03:13:01.720240+00:00 DEBUG 'ansible_navigator.main' Looking in /home/student
2024-08-20T03:13:01.720261+00:00 DEBUG 'ansible_navigator.main' Looking for '/home/student/.ansible-navigator.yml', '/home/student/.ansible-navigator.yaml' and '/home/student/.ansible-navigator.json'
2024-08-20T03:13:01.720282+00:00 DEBUG 'ansible_navigator.main' Found 1: '/home/student/.ansible-navigator.yml'
2024-08-20T03:13:01.720303+00:00 DEBUG 'ansible_navigator.main' Looking in /home/student/RH294/Ansible_Playbooks/Chapter3
2024-08-20T03:13:01.720324+00:00 DEBUG 'ansible_navigator.main' Looking for '/home/student/RH294/Ansible_Playbooks/Chapter3/ansible-navigator.yml', '/home/student/RH294/Ansible_Playbooks/Chapter3/ansible-navigator.yaml' and '/home/student/RH294/Ansible_Playbooks/Chapter3/ansible-navigator.json'
2024-08-20T03:13:01.720345+00:00 DEBUG 'ansible_navigator.main' Found 1: '/home/student/RH294/Ansible_Playbooks/Chapter3/ansible-navigator.yml'
2024-08-20T03:13:01.720366+00:00 DEBUG 'ansible_navigator.main' All found 2: '/home/student/.ansible-navigator.yml' and '/home/student/RH294/Ansible_Playbooks/Chapter3/ansible-navigator.yml'
2024-08-20T03:13:01.720390+00:00 DEBUG 'ansible_navigator.main' Using: /home/student/RH294/Ansible_Playbooks/Chapter3/ansible-navigator.yml
2024-08-20T03:13:01.720414+00:00 DEBUG 'ansible_navigator.main' Using settings file at /home/student/RH294/Ansible_Playbooks/Chapter3/ansible-navigator.yml in search path
2024-08-20T03:13:01.720436+00:00 DEBUG 'ansible_navigator.main' Command provided: 'doc -m stdou template'
2024-08-20T03:13:01.720457+00:00 DEBUG 'ansible_navigator.main' ansible-navigator.ansible-runner.artifact-dir not found in settings file
2024-08-20T03:13:01.720477+00:00 DEBUG 'ansible_navigator.main' ansible-navigator.ansible-runner.rotate-artifacts-count not found in settings file
2024-08-20T03:13:01.720498+00:00 DEBUG 'ansible_navigator.main' ansible-navigator.ansible-runner.timeout not found in settings file
2024-08-20T03:13:01.720518+00:00 DEBUG 'ansible_navigator.main' ansible-navigator.app not found in settings file
2024-08-20T03:13:01.720539+00:00 DEBUG 'ansible_navigator.main' ansible-navigator.ansible.cmdline not found in settings file
2024-08-20T03:13:01.720559+00:00 DEBUG 'ansible_navigator.main' ansible-navigator.collection-doc-cache-path not found in settings file
2024-08-20T03:13:01.720580+00:00 DEBUG 'ansible_navigator.main' ansible-navigator.execution-environment.container-engine not found in settings file
2024-08-20T03:13:01.720600+00:00 DEBUG 'ansible_navigator.main' ansible-navigator.execution-environment.container-options not found in settings file
2024-08-20T03:13:01.720620+00:00 DEBUG 'ansible_navigator.main' ansible-navigator.color.enable not found in settings file
2024-08-20T03:13:01.720640+00:00 DEBUG 'ansible_navigator.main' ansible-navigator.editor.command not found in settings file
2024-08-20T03:13:01.720661+00:00 DEBUG 'ansible_navigator.main' ansible-navigator.editor.console not found in settings file
2024-08-20T03:13:01.720681+00:00 DEBUG 'ansible_navigator.main' ansible-navigator.exec.command not found in settings file
2024-08-20T03:13:01.720711+00:00 DEBUG 'ansible_navigator.main' ansible-navigator.exec.shell not found in settings file
2024-08-20T03:13:01.720732+00:00 DEBUG 'ansible_navigator.main' ansible-navigator.execution-environment.enabled not found in settings file
2024-08-20T03:13:01.720753+00:00 DEBUG 'ansible_navigator.main' ansible-navigator.execution-environment.volume-mounts not found in settings file
2024-08-20T03:13:01.720773+00:00 DEBUG 'ansible_navigator.main' ansible-navigator.ansible-builder.help not found in settings file
2024-08-20T03:13:01.720793+00:00 DEBUG 'ansible_navigator.main' ansible-navigator.ansible.config.help not found in settings file
2024-08-20T03:13:01.720813+00:00 DEBUG 'ansible_navigator.main' ansible-navigator.ansible.doc.help not found in settings file
2024-08-20T03:13:01.720833+00:00 DEBUG 'ansible_navigator.main' ansible-navigator.ansible.inventory.help not found in settings file
2024-08-20T03:13:01.720853+00:00 DEBUG 'ansible_navigator.main' ansible-navigator.ansible.playbook.help not found in settings file
2024-08-20T03:13:01.720873+00:00 DEBUG 'ansible_navigator.main' ansible-navigator.images.details not found in settings file
2024-08-20T03:13:01.720893+00:00 DEBUG 'ansible_navigator.main' ansible-navigator.ansible.inventory.entries not found in settings file
2024-08-20T03:13:01.720913+00:00 DEBUG 'ansible_navigator.main' ansible-navigator.inventory-columns not found in settings file
2024-08-20T03:13:01.720933+00:00 DEBUG 'ansible_navigator.main' ansible-navigator.ansible-lint.config not found in settings file
2024-08-20T03:13:01.720954+00:00 DEBUG 'ansible_navigator.main' ansible-navigator.ansible-lint.lintables not found in settings file
2024-08-20T03:13:01.720973+00:00 DEBUG 'ansible_navigator.main' ansible-navigator.logging.append not found in settings file
2024-08-20T03:13:01.720994+00:00 DEBUG 'ansible_navigator.main' ansible-navigator.logging.file not found in settings file
2024-08-20T03:13:01.721014+00:00 DEBUG 'ansible_navigator.main' ansible-navigator.logging.level not found in settings file
2024-08-20T03:13:01.721034+00:00 DEBUG 'ansible_navigator.main' ansible-navigator.color.osc4 not found in settings file
2024-08-20T03:13:01.721058+00:00 DEBUG 'ansible_navigator.main' ansible-navigator.execution-environment.environment-variables.pass not found in settings file
2024-08-20T03:13:01.721079+00:00 DEBUG 'ansible_navigator.main' ansible-navigator.ansible.playbook.path not found in settings file
2024-08-20T03:13:01.721109+00:00 DEBUG 'ansible_navigator.main' ansible-navigator.playbook-artifact.replay not found in settings file
2024-08-20T03:13:01.721136+00:00 DEBUG 'ansible_navigator.main' ansible-navigator.playbook-artifact.save-as not found in settings file
2024-08-20T03:13:01.721157+00:00 DEBUG 'ansible_navigator.main' ansible-navigator.ansible.doc.plugin.name not found in settings file
2024-08-20T03:13:01.721177+00:00 DEBUG 'ansible_navigator.main' ansible-navigator.ansible.doc.plugin.type not found in settings file
2024-08-20T03:13:01.721198+00:00 DEBUG 'ansible_navigator.main' ansible-navigator.execution-environment.pull.arguments not found in settings file
2024-08-20T03:13:01.721218+00:00 DEBUG 'ansible_navigator.main' ansible-navigator.execution-environment.environment-variables.set not found in settings file
2024-08-20T03:13:01.721239+00:00 DEBUG 'ansible_navigator.main' ansible-navigator.settings.effective not found in settings file
2024-08-20T03:13:01.721260+00:00 DEBUG 'ansible_navigator.main' ansible-navigator.settings.sample not found in settings file
2024-08-20T03:13:01.721280+00:00 DEBUG 'ansible_navigator.main' ansible-navigator.settings.schema not found in settings file
2024-08-20T03:13:01.721300+00:00 DEBUG 'ansible_navigator.main' ansible-navigator.settings.sources not found in settings file
2024-08-20T03:13:01.721321+00:00 DEBUG 'ansible_navigator.main' ansible-navigator.time-zone not found in settings file
2024-08-20T03:13:01.721341+00:00 DEBUG 'ansible_navigator.main' ansible-navigator.ansible-builder.workdir not found in settings file
2024-08-20T03:13:01.721362+00:00 DEBUG 'ansible_navigator.main' EE support enabled: using current working directory for 'ansible.cfg'
2024-08-20T03:13:01.721382+00:00 INFO 'ansible_navigator.main' EE support enabled: found 'ansible.cfg' in current working directory.
2024-08-20T03:13:01.721402+00:00 DEBUG 'ansible_navigator.main' Completed post processing for ansible_runner_artifact_dir. (changed=False)
2024-08-20T03:13:01.721422+00:00 DEBUG 'ansible_navigator.main' Completed post processing for ansible_runner_rotate_artifacts_count. (changed=False)
2024-08-20T03:13:01.721442+00:00 DEBUG 'ansible_navigator.main' Completed post processing for ansible_runner_timeout. (changed=False)
2024-08-20T03:13:01.721462+00:00 DEBUG 'ansible_navigator.main' Completed post processing for cmdline. (changed=False)
2024-08-20T03:13:01.721486+00:00 DEBUG 'ansible_navigator.main' Completed post processing for collection_doc_cache_path. (changed=False)
2024-08-20T03:13:01.721507+00:00 DEBUG 'ansible_navigator.main' Completed post processing for container_engine. (changed=True)
2024-08-20T03:13:01.721527+00:00 DEBUG 'ansible_navigator.main'  before: 'auto'
2024-08-20T03:13:01.721547+00:00 DEBUG 'ansible_navigator.main'  after: 'podman'
2024-08-20T03:13:01.721568+00:00 DEBUG 'ansible_navigator.main' Completed post processing for container_options. (changed=False)
2024-08-20T03:13:01.721588+00:00 DEBUG 'ansible_navigator.main' Completed post processing for display_color. (changed=False)
2024-08-20T03:13:01.721608+00:00 DEBUG 'ansible_navigator.main' Completed post processing for execution_environment. (changed=False)
2024-08-20T03:13:01.721628+00:00 DEBUG 'ansible_navigator.main' Completed post processing for execution_environment_image. (changed=False)
2024-08-20T03:13:01.721648+00:00 DEBUG 'ansible_navigator.main' Completed post processing for help_builder. (changed=False)
2024-08-20T03:13:01.721668+00:00 DEBUG 'ansible_navigator.main' Completed post processing for help_config. (changed=False)
2024-08-20T03:13:01.721697+00:00 DEBUG 'ansible_navigator.main' Completed post processing for help_doc. (changed=False)
2024-08-20T03:13:01.721729+00:00 DEBUG 'ansible_navigator.main' Completed post processing for help_inventory. (changed=False)
2024-08-20T03:13:01.721750+00:00 DEBUG 'ansible_navigator.main' Completed post processing for help_playbook. (changed=False)
2024-08-20T03:13:01.721771+00:00 DEBUG 'ansible_navigator.main' Completed post processing for images_details. (changed=False)
2024-08-20T03:13:01.721791+00:00 DEBUG 'ansible_navigator.main' Completed post processing for inventory. (changed=True)
2024-08-20T03:13:01.721811+00:00 DEBUG 'ansible_navigator.main'  before: 'Not set'
2024-08-20T03:13:01.721831+00:00 DEBUG 'ansible_navigator.main'  after: '['/home/student/RH294/Ansible_Playbooks/Chapter3/inventory']'
2024-08-20T03:13:01.721851+00:00 DEBUG 'ansible_navigator.main' Completed post processing for inventory_column. (changed=False)
2024-08-20T03:13:01.721871+00:00 DEBUG 'ansible_navigator.main' Completed post processing for log_file. (changed=False)
2024-08-20T03:13:01.721891+00:00 DEBUG 'ansible_navigator.main' Completed post processing for pass_environment_variable. (changed=False)
2024-08-20T03:13:01.721911+00:00 DEBUG 'ansible_navigator.main' Completed post processing for playbook. (changed=False)
2024-08-20T03:13:01.721931+00:00 DEBUG 'ansible_navigator.main' Completed post processing for playbook_artifact_replay. (changed=False)
2024-08-20T03:13:01.721951+00:00 DEBUG 'ansible_navigator.main' Completed post processing for playbook_artifact_save_as. (changed=False)
2024-08-20T03:13:01.721972+00:00 DEBUG 'ansible_navigator.main' Completed post processing for plugin_name. (changed=False)
2024-08-20T03:13:01.721992+00:00 DEBUG 'ansible_navigator.main' Completed post processing for pull_arguments. (changed=False)
2024-08-20T03:13:01.722011+00:00 DEBUG 'ansible_navigator.main' Completed post processing for set_environment_variable. (changed=False)
2024-08-20T03:13:01.722031+00:00 DEBUG 'ansible_navigator.main' Completed post processing for settings_effective. (changed=False)
2024-08-20T03:13:01.722051+00:00 DEBUG 'ansible_navigator.main' Completed post processing for settings_sample. (changed=False)
2024-08-20T03:13:01.722071+00:00 DEBUG 'ansible_navigator.main' Completed post processing for settings_schema. (changed=False)
2024-08-20T03:13:01.722099+00:00 DEBUG 'ansible_navigator.main' Completed post processing for settings_sources. (changed=False)
2024-08-20T03:13:01.722119+00:00 DEBUG 'ansible_navigator.main' Completed post processing for time_zone. (changed=False)
2024-08-20T03:13:01.722139+00:00 DEBUG 'ansible_navigator.main' Completed post processing for execution_environment_volume_mounts. (changed=False)
2024-08-20T03:13:01.722159+00:00 DEBUG 'ansible_navigator.main' Completed post processing for mode. (changed=False)
2024-08-20T03:13:01.722183+00:00 WARNING 'ansible_navigator.main' Configuration errors encountered, rolling back to previous configuration.
2024-08-20T03:13:01.722204+00:00 DEBUG 'ansible_navigator.main' Prior to rollback: ansible_runner_artifact_dir = 'Not set' (Constants/Not set)
2024-08-20T03:13:01.722224+00:00 DEBUG 'ansible_navigator.main' Prior to rollback: ansible_runner_rotate_artifacts_count = 'Not set' (Constants/Not set)
2024-08-20T03:13:01.722244+00:00 DEBUG 'ansible_navigator.main' Prior to rollback: ansible_runner_timeout = 'Not set' (Constants/Not set)
2024-08-20T03:13:01.722264+00:00 DEBUG 'ansible_navigator.main' Prior to rollback: app = 'doc' (str/Command line)
2024-08-20T03:13:01.722284+00:00 DEBUG 'ansible_navigator.main' Prior to rollback: cmdline = 'Not set' (Constants/Not set)
2024-08-20T03:13:01.722305+00:00 DEBUG 'ansible_navigator.main' Prior to rollback: collection_doc_cache_path = '/home/student/.cache/ansible-navigator/collection_doc_cache.db' (str/Defaults)
2024-08-20T03:13:01.722324+00:00 DEBUG 'ansible_navigator.main' Prior to rollback: config = './ansible.cfg' (str/Settings file)
2024-08-20T03:13:01.722344+00:00 DEBUG 'ansible_navigator.main' Prior to rollback: container_engine = 'podman' (str/Automatically determined)
2024-08-20T03:13:01.722364+00:00 DEBUG 'ansible_navigator.main' Prior to rollback: container_options = 'Not set' (Constants/Not set)
2024-08-20T03:13:01.722392+00:00 DEBUG 'ansible_navigator.main' Prior to rollback: display_color = 'True' (bool/Defaults)
2024-08-20T03:13:01.722413+00:00 DEBUG 'ansible_navigator.main' Prior to rollback: editor_command = 'vi +{line_number} {filename}' (str/Defaults)
2024-08-20T03:13:01.722433+00:00 DEBUG 'ansible_navigator.main' Prior to rollback: editor_console = 'True' (bool/Defaults)
2024-08-20T03:13:01.722454+00:00 DEBUG 'ansible_navigator.main' Prior to rollback: exec_command = '/bin/bash' (str/Defaults)
2024-08-20T03:13:01.722473+00:00 DEBUG 'ansible_navigator.main' Prior to rollback: exec_shell = 'True' (bool/Defaults)
2024-08-20T03:13:01.722493+00:00 DEBUG 'ansible_navigator.main' Prior to rollback: execution_environment = 'True' (bool/Defaults)
2024-08-20T03:13:01.722513+00:00 DEBUG 'ansible_navigator.main' Prior to rollback: execution_environment_image = 'utility.lab.example.com/ee-supported-rhel8:latest' (str/Settings file)
2024-08-20T03:13:01.722534+00:00 DEBUG 'ansible_navigator.main' Prior to rollback: execution_environment_volume_mounts = 'Not set' (Constants/Not set)
2024-08-20T03:13:01.722554+00:00 DEBUG 'ansible_navigator.main' Prior to rollback: help_builder = 'False' (bool/Defaults)
2024-08-20T03:13:01.722574+00:00 DEBUG 'ansible_navigator.main' Prior to rollback: help_config = 'False' (bool/Defaults)
2024-08-20T03:13:01.722593+00:00 DEBUG 'ansible_navigator.main' Prior to rollback: help_doc = 'False' (bool/Defaults)
2024-08-20T03:13:01.722622+00:00 DEBUG 'ansible_navigator.main' Prior to rollback: help_inventory = 'False' (bool/Defaults)
2024-08-20T03:13:01.722650+00:00 DEBUG 'ansible_navigator.main' Prior to rollback: help_playbook = 'False' (bool/Defaults)
2024-08-20T03:13:01.722679+00:00 DEBUG 'ansible_navigator.main' Prior to rollback: images_details = '['everything']' (list/Defaults)
2024-08-20T03:13:01.722721+00:00 DEBUG 'ansible_navigator.main' Prior to rollback: inventory = '['/home/student/RH294/Ansible_Playbooks/Chapter3/inventory']' (list/Ansible configuration file)
2024-08-20T03:13:01.722743+00:00 DEBUG 'ansible_navigator.main' Prior to rollback: inventory_column = 'Not set' (Constants/Not set)
2024-08-20T03:13:01.722763+00:00 DEBUG 'ansible_navigator.main' Prior to rollback: lint_config = 'Not set' (Constants/Not set)
2024-08-20T03:13:01.722784+00:00 DEBUG 'ansible_navigator.main' Prior to rollback: lintables = 'Not set' (Constants/Not set)
2024-08-20T03:13:01.722804+00:00 DEBUG 'ansible_navigator.main' Prior to rollback: log_append = 'True' (bool/Defaults)
2024-08-20T03:13:01.722824+00:00 DEBUG 'ansible_navigator.main' Prior to rollback: log_file = '/home/student/RH294/Ansible_Playbooks/Chapter3/ansible-navigator.log' (str/Defaults)
2024-08-20T03:13:01.722844+00:00 DEBUG 'ansible_navigator.main' Prior to rollback: log_level = 'warning' (str/Defaults)
2024-08-20T03:13:01.722864+00:00 DEBUG 'ansible_navigator.main' Prior to rollback: mode = 'stdou' (str/Command line)
2024-08-20T03:13:01.722884+00:00 DEBUG 'ansible_navigator.main' Prior to rollback: osc4 = 'True' (bool/Defaults)
2024-08-20T03:13:01.722904+00:00 DEBUG 'ansible_navigator.main' Prior to rollback: pass_environment_variable = 'Not set' (Constants/Not set)
2024-08-20T03:13:01.722924+00:00 DEBUG 'ansible_navigator.main' Prior to rollback: playbook = 'Not set' (Constants/Not set)
2024-08-20T03:13:01.722944+00:00 DEBUG 'ansible_navigator.main' Prior to rollback: playbook_artifact_enable = 'False' (bool/Settings file)
2024-08-20T03:13:01.722964+00:00 DEBUG 'ansible_navigator.main' Prior to rollback: playbook_artifact_replay = 'Not set' (Constants/Not set)
2024-08-20T03:13:01.722984+00:00 DEBUG 'ansible_navigator.main' Prior to rollback: playbook_artifact_save_as = '{playbook_dir}/{playbook_name}-artifact-{time_stamp}.json' (str/Defaults)
2024-08-20T03:13:01.723004+00:00 DEBUG 'ansible_navigator.main' Prior to rollback: plugin_name = 'template' (str/Command line)
2024-08-20T03:13:01.723025+00:00 DEBUG 'ansible_navigator.main' Prior to rollback: plugin_type = 'module' (str/Defaults)
2024-08-20T03:13:01.723056+00:00 DEBUG 'ansible_navigator.main' Prior to rollback: pull_arguments = 'Not set' (Constants/Not set)
2024-08-20T03:13:01.723078+00:00 DEBUG 'ansible_navigator.main' Prior to rollback: pull_policy = 'missing' (str/Settings file)
2024-08-20T03:13:01.723106+00:00 DEBUG 'ansible_navigator.main' Prior to rollback: set_environment_variable = 'Not set' (Constants/Not set)
2024-08-20T03:13:01.723127+00:00 DEBUG 'ansible_navigator.main' Prior to rollback: settings_effective = 'False' (bool/Defaults)
2024-08-20T03:13:01.723148+00:00 DEBUG 'ansible_navigator.main' Prior to rollback: settings_sample = 'False' (bool/Defaults)
2024-08-20T03:13:01.723168+00:00 DEBUG 'ansible_navigator.main' Prior to rollback: settings_schema = 'json' (str/Defaults)
2024-08-20T03:13:01.723188+00:00 DEBUG 'ansible_navigator.main' Prior to rollback: settings_sources = 'False' (bool/Defaults)
2024-08-20T03:13:01.723208+00:00 DEBUG 'ansible_navigator.main' Prior to rollback: time_zone = 'UTC' (str/Defaults)
2024-08-20T03:13:01.723228+00:00 DEBUG 'ansible_navigator.main' Prior to rollback: workdir = '/home/student/RH294/Ansible_Playbooks/Chapter3' (str/Defaults)
2024-08-20T03:13:01.723248+00:00 DEBUG 'ansible_navigator.main' After rollback: ansible_runner_artifact_dir = 'Not set' (Constants/Not set)
2024-08-20T03:13:01.723268+00:00 DEBUG 'ansible_navigator.main' After rollback: ansible_runner_rotate_artifacts_count = 'Not set' (Constants/Not set)
2024-08-20T03:13:01.723289+00:00 DEBUG 'ansible_navigator.main' After rollback: ansible_runner_timeout = 'Not set' (Constants/Not set)
2024-08-20T03:13:01.723309+00:00 DEBUG 'ansible_navigator.main' After rollback: app = 'Not set' (Constants/Not set)
2024-08-20T03:13:01.723329+00:00 DEBUG 'ansible_navigator.main' After rollback: cmdline = 'Not set' (Constants/Not set)
2024-08-20T03:13:01.723350+00:00 DEBUG 'ansible_navigator.main' After rollback: collection_doc_cache_path = 'Not set' (Constants/Not set)
2024-08-20T03:13:01.723369+00:00 DEBUG 'ansible_navigator.main' After rollback: config = 'Not set' (Constants/Not set)
2024-08-20T03:13:01.723389+00:00 DEBUG 'ansible_navigator.main' After rollback: container_engine = 'Not set' (Constants/Not set)
2024-08-20T03:13:01.723409+00:00 DEBUG 'ansible_navigator.main' After rollback: container_options = 'Not set' (Constants/Not set)
2024-08-20T03:13:01.723429+00:00 DEBUG 'ansible_navigator.main' After rollback: display_color = 'Not set' (Constants/Not set)
2024-08-20T03:13:01.723449+00:00 DEBUG 'ansible_navigator.main' After rollback: editor_command = 'Not set' (Constants/Not set)
2024-08-20T03:13:01.723469+00:00 DEBUG 'ansible_navigator.main' After rollback: editor_console = 'Not set' (Constants/Not set)
2024-08-20T03:13:01.723490+00:00 DEBUG 'ansible_navigator.main' After rollback: exec_command = 'Not set' (Constants/Not set)
2024-08-20T03:13:01.723510+00:00 DEBUG 'ansible_navigator.main' After rollback: exec_shell = 'Not set' (Constants/Not set)
2024-08-20T03:13:01.723530+00:00 DEBUG 'ansible_navigator.main' After rollback: execution_environment = 'Not set' (Constants/Not set)
2024-08-20T03:13:01.723550+00:00 DEBUG 'ansible_navigator.main' After rollback: execution_environment_image = 'Not set' (Constants/Not set)
2024-08-20T03:13:01.723570+00:00 DEBUG 'ansible_navigator.main' After rollback: execution_environment_volume_mounts = 'Not set' (Constants/Not set)
2024-08-20T03:13:01.723589+00:00 DEBUG 'ansible_navigator.main' After rollback: help_builder = 'Not set' (Constants/Not set)
2024-08-20T03:13:01.723609+00:00 DEBUG 'ansible_navigator.main' After rollback: help_config = 'Not set' (Constants/Not set)
2024-08-20T03:13:01.723629+00:00 DEBUG 'ansible_navigator.main' After rollback: help_doc = 'Not set' (Constants/Not set)
2024-08-20T03:13:01.723649+00:00 DEBUG 'ansible_navigator.main' After rollback: help_inventory = 'Not set' (Constants/Not set)
2024-08-20T03:13:01.723669+00:00 DEBUG 'ansible_navigator.main' After rollback: help_playbook = 'Not set' (Constants/Not set)
2024-08-20T03:13:01.723696+00:00 DEBUG 'ansible_navigator.main' After rollback: images_details = 'Not set' (Constants/Not set)
2024-08-20T03:13:01.723726+00:00 DEBUG 'ansible_navigator.main' After rollback: inventory = 'Not set' (Constants/Not set)
2024-08-20T03:13:01.723746+00:00 DEBUG 'ansible_navigator.main' After rollback: inventory_column = 'Not set' (Constants/Not set)
2024-08-20T03:13:01.723767+00:00 DEBUG 'ansible_navigator.main' After rollback: lint_config = 'Not set' (Constants/Not set)
2024-08-20T03:13:01.723787+00:00 DEBUG 'ansible_navigator.main' After rollback: lintables = 'Not set' (Constants/Not set)
2024-08-20T03:13:01.723807+00:00 DEBUG 'ansible_navigator.main' After rollback: log_append = 'Not set' (Constants/Not set)
2024-08-20T03:13:01.723827+00:00 DEBUG 'ansible_navigator.main' After rollback: log_file = 'Not set' (Constants/Not set)
2024-08-20T03:13:01.723847+00:00 DEBUG 'ansible_navigator.main' After rollback: log_level = 'Not set' (Constants/Not set)
2024-08-20T03:13:01.723867+00:00 DEBUG 'ansible_navigator.main' After rollback: mode = 'Not set' (Constants/Not set)
2024-08-20T03:13:01.723887+00:00 DEBUG 'ansible_navigator.main' After rollback: osc4 = 'Not set' (Constants/Not set)
2024-08-20T03:13:01.723907+00:00 DEBUG 'ansible_navigator.main' After rollback: pass_environment_variable = 'Not set' (Constants/Not set)
2024-08-20T03:13:01.723927+00:00 DEBUG 'ansible_navigator.main' After rollback: playbook = 'Not set' (Constants/Not set)
2024-08-20T03:13:01.723947+00:00 DEBUG 'ansible_navigator.main' After rollback: playbook_artifact_enable = 'Not set' (Constants/Not set)
2024-08-20T03:13:01.723968+00:00 DEBUG 'ansible_navigator.main' After rollback: playbook_artifact_replay = 'Not set' (Constants/Not set)
2024-08-20T03:13:01.723988+00:00 DEBUG 'ansible_navigator.main' After rollback: playbook_artifact_save_as = 'Not set' (Constants/Not set)
2024-08-20T03:13:01.724008+00:00 DEBUG 'ansible_navigator.main' After rollback: plugin_name = 'Not set' (Constants/Not set)
2024-08-20T03:13:01.724028+00:00 DEBUG 'ansible_navigator.main' After rollback: plugin_type = 'Not set' (Constants/Not set)
2024-08-20T03:13:01.724048+00:00 DEBUG 'ansible_navigator.main' After rollback: pull_arguments = 'Not set' (Constants/Not set)
2024-08-20T03:13:01.724068+00:00 DEBUG 'ansible_navigator.main' After rollback: pull_policy = 'Not set' (Constants/Not set)
2024-08-20T03:13:01.724097+00:00 DEBUG 'ansible_navigator.main' After rollback: set_environment_variable = 'Not set' (Constants/Not set)
2024-08-20T03:13:01.724118+00:00 DEBUG 'ansible_navigator.main' After rollback: settings_effective = 'Not set' (Constants/Not set)
2024-08-20T03:13:01.724138+00:00 DEBUG 'ansible_navigator.main' After rollback: settings_sample = 'Not set' (Constants/Not set)
2024-08-20T03:13:01.724157+00:00 DEBUG 'ansible_navigator.main' After rollback: settings_schema = 'Not set' (Constants/Not set)
2024-08-20T03:13:01.724178+00:00 DEBUG 'ansible_navigator.main' After rollback: settings_sources = 'Not set' (Constants/Not set)
2024-08-20T03:13:01.724198+00:00 DEBUG 'ansible_navigator.main' After rollback: time_zone = 'Not set' (Constants/Not set)
2024-08-20T03:13:01.724218+00:00 DEBUG 'ansible_navigator.main' After rollback: workdir = 'Not set' (Constants/Not set)
2024-08-20T03:13:01.724238+00:00 DEBUG 'ansible_navigator.main' Configuration rollback complete.
2024-08-20T03:13:01.724258+00:00 DEBUG 'ansible_navigator.main' Collection doc cache not mounted
2024-08-20T03:13:01.724298+00:00 WARNING 'ansible_navigator.main' Issues were found while applying the settings.
2024-08-20T03:13:01.724322+00:00 INFO 'ansible_navigator.main' Command provided: 'doc -m stdou template'
2024-08-20T03:13:01.724348+00:00 ERROR 'ansible_navigator.main' The setting 'mode' must be one of 'stdout' or 'interactive', but set as 'stdou'. (Command line)
2024-08-20T03:13:01.724372+00:00 INFO 'ansible_navigator.main' Try again with '-m stdout' or '-m interactive'
2024-08-20T03:13:01.724395+00:00 INFO 'ansible_navigator.main' Configuration failed, using default log file location. (/home/student/RH294/Ansible_Playbooks/Chapter3/ansible-navigator.log) Log level set to debug
2024-08-20T03:13:01.724428+00:00 INFO 'ansible_navigator.main' Review the hints and log file to see what went wrong.
